2023-08-19 22:09:54 INFO  [background-preinit] o.h.validator.internal.util.Version - HV000001: Hibernate Validator 6.2.5.Final
2023-08-19 22:09:54 INFO  [main] c.b.o.OrderServiceApplication - Starting OrderServiceApplication using Java 11.0.18 on USGURSSRIVASKU7 with PID 32796 (C:\Users\ssrivastavakumar\Desktop\workspace\kafka\log-aggregation\order-service\target\classes started by ssrivastavakumar in C:\Users\ssrivastavakumar\Desktop\workspace\kafka\log-aggregation)
2023-08-19 22:09:54 INFO  [main] c.b.o.OrderServiceApplication - The following 1 profile is active: "dev"
2023-08-19 22:09:57 INFO  [main] o.s.b.w.e.tomcat.TomcatWebServer - Tomcat initialized with port(s): 8082 (http)
2023-08-19 22:09:57 INFO  [main] o.a.coyote.http11.Http11NioProtocol - Initializing ProtocolHandler ["http-nio-8082"]
2023-08-19 22:09:57 INFO  [main] o.a.catalina.core.StandardService - Starting service [Tomcat]
2023-08-19 22:09:57 INFO  [main] o.a.catalina.core.StandardEngine - Starting Servlet engine: [Apache Tomcat/9.0.76]
2023-08-19 22:09:57 INFO  [main] o.a.c.c.C.[Tomcat].[localhost].[/] - Initializing Spring embedded WebApplicationContext
2023-08-19 22:09:57 INFO  [main] o.s.b.w.s.c.ServletWebServerApplicationContext - Root WebApplicationContext: initialization completed in 2688 ms
2023-08-19 22:09:58 INFO  [main] o.a.coyote.http11.Http11NioProtocol - Starting ProtocolHandler ["http-nio-8082"]
2023-08-19 22:09:58 INFO  [main] o.s.b.w.e.tomcat.TomcatWebServer - Tomcat started on port(s): 8082 (http) with context path ''
2023-08-19 22:09:58 INFO  [main] c.b.o.OrderServiceApplication - Started OrderServiceApplication in 4.879 seconds (JVM running for 5.905)
2023-08-19 22:10:49 INFO  [background-preinit] o.h.validator.internal.util.Version - HV000001: Hibernate Validator 6.2.5.Final
2023-08-19 22:10:49 INFO  [main] c.b.o.OrderServiceApplication - Starting OrderServiceApplication using Java 11.0.18 on USGURSSRIVASKU7 with PID 29456 (C:\Users\ssrivastavakumar\Desktop\workspace\kafka\log-aggregation\order-service\target\classes started by ssrivastavakumar in C:\Users\ssrivastavakumar\Desktop\workspace\kafka\log-aggregation)
2023-08-19 22:10:49 INFO  [main] c.b.o.OrderServiceApplication - The following 1 profile is active: "dev"
2023-08-19 22:10:51 INFO  [main] o.s.b.w.e.tomcat.TomcatWebServer - Tomcat initialized with port(s): 8082 (http)
2023-08-19 22:10:51 INFO  [main] o.a.coyote.http11.Http11NioProtocol - Initializing ProtocolHandler ["http-nio-8082"]
2023-08-19 22:10:51 INFO  [main] o.a.catalina.core.StandardService - Starting service [Tomcat]
2023-08-19 22:10:51 INFO  [main] o.a.catalina.core.StandardEngine - Starting Servlet engine: [Apache Tomcat/9.0.76]
2023-08-19 22:10:51 INFO  [main] o.a.c.c.C.[Tomcat].[localhost].[/] - Initializing Spring embedded WebApplicationContext
2023-08-19 22:10:51 INFO  [main] o.s.b.w.s.c.ServletWebServerApplicationContext - Root WebApplicationContext: initialization completed in 1777 ms
2023-08-19 22:10:52 INFO  [main] o.a.coyote.http11.Http11NioProtocol - Starting ProtocolHandler ["http-nio-8082"]
2023-08-19 22:10:52 INFO  [main] o.s.b.w.e.tomcat.TomcatWebServer - Tomcat started on port(s): 8082 (http) with context path ''
2023-08-19 22:10:52 INFO  [main] c.b.o.OrderServiceApplication - Started OrderServiceApplication in 3.233 seconds (JVM running for 3.7)
2023-08-19 22:11:25 INFO  [background-preinit] o.h.validator.internal.util.Version - HV000001: Hibernate Validator 6.2.5.Final
2023-08-19 22:11:25 INFO  [main] c.b.o.OrderServiceApplication - Starting OrderServiceApplication using Java 11.0.18 on USGURSSRIVASKU7 with PID 32036 (C:\Users\ssrivastavakumar\Desktop\workspace\kafka\log-aggregation\order-service\target\classes started by ssrivastavakumar in C:\Users\ssrivastavakumar\Desktop\workspace\kafka\log-aggregation)
2023-08-19 22:11:25 INFO  [main] c.b.o.OrderServiceApplication - The following 1 profile is active: "dev"
2023-08-19 22:11:27 INFO  [main] o.s.b.w.e.tomcat.TomcatWebServer - Tomcat initialized with port(s): 8082 (http)
2023-08-19 22:11:27 INFO  [main] o.a.coyote.http11.Http11NioProtocol - Initializing ProtocolHandler ["http-nio-8082"]
2023-08-19 22:11:27 INFO  [main] o.a.catalina.core.StandardService - Starting service [Tomcat]
2023-08-19 22:11:27 INFO  [main] o.a.catalina.core.StandardEngine - Starting Servlet engine: [Apache Tomcat/9.0.76]
2023-08-19 22:11:27 INFO  [main] o.a.c.c.C.[Tomcat].[localhost].[/] - Initializing Spring embedded WebApplicationContext
2023-08-19 22:11:27 INFO  [main] o.s.b.w.s.c.ServletWebServerApplicationContext - Root WebApplicationContext: initialization completed in 1697 ms
2023-08-19 22:11:28 INFO  [main] o.a.coyote.http11.Http11NioProtocol - Starting ProtocolHandler ["http-nio-8082"]
2023-08-19 22:11:28 INFO  [main] o.s.b.w.e.tomcat.TomcatWebServer - Tomcat started on port(s): 8082 (http) with context path ''
2023-08-19 22:11:28 INFO  [main] c.b.o.OrderServiceApplication - Started OrderServiceApplication in 3.133 seconds (JVM running for 3.568)
2023-08-19 22:12:03 INFO  [background-preinit] o.h.validator.internal.util.Version - HV000001: Hibernate Validator 6.2.5.Final
2023-08-19 22:12:03 INFO  [main] c.b.o.OrderServiceApplication - Starting OrderServiceApplication using Java 11.0.18 on USGURSSRIVASKU7 with PID 30184 (C:\Users\ssrivastavakumar\Desktop\workspace\kafka\log-aggregation\order-service\target\classes started by ssrivastavakumar in C:\Users\ssrivastavakumar\Desktop\workspace\kafka\log-aggregation)
2023-08-19 22:12:03 INFO  [main] c.b.o.OrderServiceApplication - The following 1 profile is active: "dev"
2023-08-19 22:12:04 INFO  [main] o.s.b.w.e.tomcat.TomcatWebServer - Tomcat initialized with port(s): 8082 (http)
2023-08-19 22:12:04 INFO  [main] o.a.coyote.http11.Http11NioProtocol - Initializing ProtocolHandler ["http-nio-8082"]
2023-08-19 22:12:04 INFO  [main] o.a.catalina.core.StandardService - Starting service [Tomcat]
2023-08-19 22:12:04 INFO  [main] o.a.catalina.core.StandardEngine - Starting Servlet engine: [Apache Tomcat/9.0.76]
2023-08-19 22:12:04 INFO  [main] o.a.c.c.C.[Tomcat].[localhost].[/] - Initializing Spring embedded WebApplicationContext
2023-08-19 22:12:04 INFO  [main] o.s.b.w.s.c.ServletWebServerApplicationContext - Root WebApplicationContext: initialization completed in 1667 ms
2023-08-19 22:12:05 INFO  [main] o.a.coyote.http11.Http11NioProtocol - Starting ProtocolHandler ["http-nio-8082"]
2023-08-19 22:12:05 INFO  [main] o.s.b.w.e.tomcat.TomcatWebServer - Tomcat started on port(s): 8082 (http) with context path ''
2023-08-19 22:12:05 INFO  [main] c.b.o.OrderServiceApplication - Started OrderServiceApplication in 3.06 seconds (JVM running for 3.553)
